0 info it worked if it ends with ok
1 verbose cli [ 'D:\\Program Files\\nodejs\\node.exe',
1 verbose cli   'C:\\Users\\panjianfeng2015\\AppData\\Roaming\\npm\\node_modules\\npm\\bin\\npm-cli.js',
1 verbose cli   'start' ]
2 info using npm@4.1.1
3 info using node@v4.4.3
4 verbose run-script [ 'prestart', 'start', 'poststart' ]
5 info lifecycle microblog@0.0.0~prestart: microblog@0.0.0
6 silly lifecycle microblog@0.0.0~prestart: no script for prestart, continuing
7 info lifecycle microblog@0.0.0~start: microblog@0.0.0
8 verbose lifecycle microblog@0.0.0~start: unsafe-perm in lifecycle true
9 verbose lifecycle microblog@0.0.0~start: PATH: C:\Users\panjianfeng2015\AppData\Roaming\npm\node_modules\npm\bin\node-gyp-bin;D:\studyDemo\nodeJS\weibo\microblog\node_modules\.bin;C:\ProgramData\Oracle\Java\javapath;C:\WindowsSystem32;C:\Windows;D:\Program Files\Java\jdk1.7.0_80\bin;D:\Program Files\Java\jdk1.7.0_80\jre\bin;D:\Program Files\TortoiseSVN\bin;D:\Program Files\Java\apache-maven-3.2.5\bin;D:\Program Files\nodejs\;C:\Windows\system32;C:\Windows;C:\Windows\System32\Wbem;C:\Windows\SysWOW64 ;D:\androidSetting\androwSDK\android-sdk-windows\platform-tools;D:\androidSetting\android-sdk-windows\tools;C:\python26;C:\python26\Scripts;C:\Windows\system32;C:\Windows;C:\Windows\System32 \Wbem;C:\Windows\System32\WindowsPowerShell\v1.0\;D:\Program Files (x86)\Microsoft Visual Studio\Common\Tools\WinNT;D:\Program Files (x86)\Microsoft Visual Studio\Common\MSDev98\Bin;D:\Program Files (x86)\Microsoft Visual Studio\Common\Tools;D:\Program Files (x86)\Microsoft Visual Studio\VC98\bin;C:\Users\panjianfeng2015\AppData\Roaming\npm
10 verbose lifecycle microblog@0.0.0~start: CWD: D:\studyDemo\nodeJS\weibo\microblog
11 silly lifecycle microblog@0.0.0~start: Args: [ '/d /s /c', 'node ./bin/www' ]
12 silly lifecycle microblog@0.0.0~start: Returned: code: 1  signal: null
13 info lifecycle microblog@0.0.0~start: Failed to exec start script
14 verbose stack Error: microblog@0.0.0 start: `node ./bin/www`
14 verbose stack Exit status 1
14 verbose stack     at EventEmitter.<anonymous> (C:\Users\panjianfeng2015\AppData\Roaming\npm\node_modules\npm\lib\utils\lifecycle.js:279:16)
14 verbose stack     at emitTwo (events.js:87:13)
14 verbose stack     at EventEmitter.emit (events.js:172:7)
14 verbose stack     at ChildProcess.<anonymous> (C:\Users\panjianfeng2015\AppData\Roaming\npm\node_modules\npm\lib\utils\spawn.js:40:14)
14 verbose stack     at emitTwo (events.js:87:13)
14 verbose stack     at ChildProcess.emit (events.js:172:7)
14 verbose stack     at maybeClose (internal/child_process.js:827:16)
14 verbose stack     at Process.ChildProcess._handle.onexit (internal/child_process.js:211:5)
15 verbose pkgid microblog@0.0.0
16 verbose cwd D:\studyDemo\nodeJS\weibo\microblog\bin
17 error Windows_NT 6.3.9600
18 error argv "D:\\Program Files\\nodejs\\node.exe" "C:\\Users\\panjianfeng2015\\AppData\\Roaming\\npm\\node_modules\\npm\\bin\\npm-cli.js" "start"
19 error node v4.4.3
20 error npm  v4.1.1
21 error code ELIFECYCLE
22 error microblog@0.0.0 start: `node ./bin/www`
22 error Exit status 1
23 error Failed at the microblog@0.0.0 start script 'node ./bin/www'.
23 error Make sure you have the latest version of node.js and npm installed.
23 error If you do, this is most likely a problem with the microblog package,
23 error not with npm itself.
23 error Tell the author that this fails on your system:
23 error     node ./bin/www
23 error You can get information on how to open an issue for this project with:
23 error     npm bugs microblog
23 error Or if that isn't available, you can get their info via:
23 error     npm owner ls microblog
23 error There is likely additional logging output above.
24 verbose exit [ 1, true ]
